# JRE version: Java(TM) SE Runtime Environment (23.0.1+11) (build 23.0.1+11-39)
# Java VM: Java HotSpot(TM) 64-Bit Server VM (23.0.1+11-39, mixed mode, sharing, tiered, compressed oops, compressed class ptrs, g1 gc, windows-amd64)
GC Precious Log:
 CardTable entry size: 512
 Card Set container configuration: InlinePtr #cards 4 size 8 Array Of Cards #cards 16 size 48 Howl #buckets 8 coarsen threshold 3686 Howl Bitmap #cards 512 size 80 coarsen threshold 460 Card regions per heap region 1 cards per card region 4096
 CPUs: 4 total, 4 available
 Memory: 11947M
 Large Page Support: Disabled
 NUMA Support: Disabled
 Compressed Oops: Enabled (Zero based)
 Heap Region Size: 2M
 Heap Min Capacity: 8M
 Heap Initial Capacity: 188M
 Heap Max Capacity: 2988M
 Pre-touch: Disabled
 Parallel Workers: 4
 Concurrent Workers: 1
 Concurrent Refinement Workers: 4
 Periodic GC: Disabled
Heap:
 garbage-first heap   total reserved 3059712K, committed 55296K, used 39505K [0x0000000745400000, 0x0000000800000000)
  region size 2048K, 14 young (28672K), 1 survivors (2048K)
 Metaspace       used 25585K, committed 25920K, reserved 1114112K
  class space    used 2647K, committed 2816K, reserved 1048576K
GC Heap History (20 events):
Event: 47279.715 GC heap before
{Heap before GC invocations=32 (full 0):
 garbage-first heap   total reserved 3059712K, committed 55296K, used 43593K [0x0000000745400000, 0x0000000800000000)
  region size 2048K, 15 young (30720K), 1 survivors (2048K)
 Metaspace       used 25585K, committed 25920K, reserved 1114112K
  class space    used 2647K, committed 2816K, reserved 1048576K
}
Event: 47279.717 GC heap after
{Heap after GC invocations=33 (full 0):
 garbage-first heap   total reserved 3059712K, committed 55296K, used 14924K [0x0000000745400000, 0x0000000800000000)
  region size 2048K, 1 young (2048K), 1 survivors (2048K)
 Metaspace       used 25585K, committed 25920K, reserved 1114112K
  class space    used 2647K, committed 2816K, reserved 1048576K
}
Event: 49751.830 GC heap before
{Heap before GC invocations=33 (full 0):
 garbage-first heap   total reserved 3059712K, committed 55296K, used 43596K [0x0000000745400000, 0x0000000800000000)
  region size 2048K, 15 young (30720K), 1 survivors (2048K)
 Metaspace       used 25585K, committed 25920K, reserved 1114112K
  class space    used 2647K, committed 2816K, reserved 1048576K
}
Event: 49751.832 GC heap after
{Heap after GC invocations=34 (full 0):
 garbage-first heap   total reserved 3059712K, committed 55296K, used 14924K [0x0000000745400000, 0x0000000800000000)
  region size 2048K, 1 young (2048K), 1 survivors (2048K)
 Metaspace       used 25585K, committed 25920K, reserved 1114112K
  class space    used 2647K, committed 2816K, reserved 1048576K
}
Event: 52222.997 GC heap before
{Heap before GC invocations=34 (full 0):
 garbage-first heap   total reserved 3059712K, committed 55296K, used 43596K [0x0000000745400000, 0x0000000800000000)
  region size 2048K, 15 young (30720K), 1 survivors (2048K)
 Metaspace       used 25585K, committed 25920K, reserved 1114112K
  class space    used 2647K, committed 2816K, reserved 1048576K
}
Event: 52222.999 GC heap after
{Heap after GC invocations=35 (full 0):
 garbage-first heap   total reserved 3059712K, committed 55296K, used 14923K [0x0000000745400000, 0x0000000800000000)
  region size 2048K, 1 young (2048K), 1 survivors (2048K)
 Metaspace       used 25585K, committed 25920K, reserved 1114112K
  class space    used 2647K, committed 2816K, reserved 1048576K
}
Event: 54672.838 GC heap before
{Heap before GC invocations=35 (full 0):
 garbage-first heap   total reserved 3059712K, committed 55296K, used 43595K [0x0000000745400000, 0x0000000800000000)
  region size 2048K, 15 young (30720K), 1 survivors (2048K)
 Metaspace       used 25585K, committed 25920K, reserved 1114112K
  class space    used 2647K, committed 2816K, reserved 1048576K
}
Event: 54672.840 GC heap after
{Heap after GC invocations=36 (full 0):
 garbage-first heap   total reserved 3059712K, committed 55296K, used 14923K [0x0000000745400000, 0x0000000800000000)
  region size 2048K, 1 young (2048K), 1 survivors (2048K)
 Metaspace       used 25585K, committed 25920K, reserved 1114112K
  class space    used 2647K, committed 2816K, reserved 1048576K
}
Event: 57135.531 GC heap before
{Heap before GC invocations=36 (full 0):
 garbage-first heap   total reserved 3059712K, committed 55296K, used 43595K [0x0000000745400000, 0x0000000800000000)
  region size 2048K, 15 young (30720K), 1 survivors (2048K)
 Metaspace       used 25585K, committed 25920K, reserved 1114112K
  class space    used 2647K, committed 2816K, reserved 1048576K
}
Event: 57135.533 GC heap after
{Heap after GC invocations=37 (full 0):
 garbage-first heap   total reserved 3059712K, committed 55296K, used 14924K [0x0000000745400000, 0x0000000800000000)
  region size 2048K, 1 young (2048K), 1 survivors (2048K)
 Metaspace       used 25585K, committed 25920K, reserved 1114112K
  class space    used 2647K, committed 2816K, reserved 1048576K
}
Event: 59604.652 GC heap before
{Heap before GC invocations=37 (full 0):
 garbage-first heap   total reserved 3059712K, committed 55296K, used 43596K [0x0000000745400000, 0x0000000800000000)
  region size 2048K, 15 young (30720K), 1 survivors (2048K)
 Metaspace       used 25585K, committed 25920K, reserved 1114112K
  class space    used 2647K, committed 2816K, reserved 1048576K
}
Event: 59604.654 GC heap after
{Heap after GC invocations=38 (full 0):
 garbage-first heap   total reserved 3059712K, committed 55296K, used 14924K [0x0000000745400000, 0x0000000800000000)
  region size 2048K, 1 young (2048K), 1 survivors (2048K)
 Metaspace       used 25585K, committed 25920K, reserved 1114112K
  class space    used 2647K, committed 2816K, reserved 1048576K
}
Event: 62078.835 GC heap before
{Heap before GC invocations=38 (full 0):
 garbage-first heap   total reserved 3059712K, committed 55296K, used 43596K [0x0000000745400000, 0x0000000800000000)
  region size 2048K, 15 young (30720K), 1 survivors (2048K)
 Metaspace       used 25585K, committed 25920K, reserved 1114112K
  class space    used 2647K, committed 2816K, reserved 1048576K
}
Event: 62078.837 GC heap after
{Heap after GC invocations=39 (full 0):
 garbage-first heap   total reserved 3059712K, committed 55296K, used 14926K [0x0000000745400000, 0x0000000800000000)
  region size 2048K, 1 young (2048K), 1 survivors (2048K)
 Metaspace       used 25585K, committed 25920K, reserved 1114112K
  class space    used 2647K, committed 2816K, reserved 1048576K
}
Event: 64553.805 GC heap before
{Heap before GC invocations=39 (full 0):
 garbage-first heap   total reserved 3059712K, committed 55296K, used 43598K [0x0000000745400000, 0x0000000800000000)
  region size 2048K, 15 young (30720K), 1 survivors (2048K)
 Metaspace       used 25585K, committed 25920K, reserved 1114112K
  class space    used 2647K, committed 2816K, reserved 1048576K
}
Event: 64553.807 GC heap after
{Heap after GC invocations=40 (full 0):
 garbage-first heap   total reserved 3059712K, committed 55296K, used 14930K [0x0000000745400000, 0x0000000800000000)
  region size 2048K, 1 young (2048K), 1 survivors (2048K)
 Metaspace       used 25585K, committed 25920K, reserved 1114112K
  class space    used 2647K, committed 2816K, reserved 1048576K
}
Event: 67025.021 GC heap before
{Heap before GC invocations=40 (full 0):
 garbage-first heap   total reserved 3059712K, committed 55296K, used 43602K [0x0000000745400000, 0x0000000800000000)
  region size 2048K, 15 young (30720K), 1 survivors (2048K)
 Metaspace       used 25585K, committed 25920K, reserved 1114112K
  class space    used 2647K, committed 2816K, reserved 1048576K
}
Event: 67025.023 GC heap after
{Heap after GC invocations=41 (full 0):
 garbage-first heap   total reserved 3059712K, committed 55296K, used 14928K [0x0000000745400000, 0x0000000800000000)
  region size 2048K, 1 young (2048K), 1 survivors (2048K)
 Metaspace       used 25585K, committed 25920K, reserved 1114112K
  class space    used 2647K, committed 2816K, reserved 1048576K
}
Event: 69496.926 GC heap before
{Heap before GC invocations=41 (full 0):
 garbage-first heap   total reserved 3059712K, committed 55296K, used 43600K [0x0000000745400000, 0x0000000800000000)
  region size 2048K, 15 young (30720K), 1 survivors (2048K)
 Metaspace       used 25585K, committed 25920K, reserved 1114112K
  class space    used 2647K, committed 2816K, reserved 1048576K
}
Event: 69496.928 GC heap after
{Heap after GC invocations=42 (full 0):
 garbage-first heap   total reserved 3059712K, committed 55296K, used 14929K [0x0000000745400000, 0x0000000800000000)
  region size 2048K, 1 young (2048K), 1 survivors (2048K)
 Metaspace       used 25585K, committed 25920K, reserved 1114112K
  class space    used 2647K, committed 2816K, reserved 1048576K
}

